{"/workspace/budget.js": {"path":"/workspace/budget.js","statementMap":{"0":{"start":{"line":2,"column":14},"end":{"line":8,"column":3}},"1":{"start":{"line":9,"column":2},"end":{"line":9,"column":66}},"2":{"start":{"line":9,"column":48},"end":{"line":9,"column":62}},"3":{"start":{"line":13,"column":2},"end":{"line":13,"column":43}},"4":{"start":{"line":13,"column":33},"end":{"line":13,"column":43}},"5":{"start":{"line":14,"column":2},"end":{"line":14,"column":34}},"6":{"start":{"line":18,"column":14},"end":{"line":18,"column":32}},"7":{"start":{"line":19,"column":2},"end":{"line":19,"column":41}},"8":{"start":{"line":23,"column":12},"end":{"line":23,"column":13}},"9":{"start":{"line":24,"column":2},"end":{"line":28,"column":5}},"10":{"start":{"line":25,"column":4},"end":{"line":27,"column":5}},"11":{"start":{"line":26,"column":6},"end":{"line":26,"column":26}},"12":{"start":{"line":29,"column":2},"end":{"line":29,"column":13}},"13":{"start":{"line":33,"column":2},"end":{"line":33,"column":26}},"14":{"start":{"line":37,"column":18},"end":{"line":37,"column":30}},"15":{"start":{"line":38,"column":19},"end":{"line":42,"column":3}},"16":{"start":{"line":44,"column":2},"end":{"line":46,"column":3}},"17":{"start":{"line":45,"column":4},"end":{"line":45,"column":53}},"18":{"start":{"line":48,"column":2},"end":{"line":50,"column":3}},"19":{"start":{"line":49,"column":4},"end":{"line":49,"column":55}},"20":{"start":{"line":52,"column":2},"end":{"line":54,"column":3}},"21":{"start":{"line":53,"column":4},"end":{"line":53,"column":54}},"22":{"start":{"line":56,"column":2},"end":{"line":56,"column":41}},"23":{"start":{"line":60,"column":15},"end":{"line":60,"column":100}},"24":{"start":{"line":61,"column":2},"end":{"line":61,"column":35}},"25":{"start":{"line":65,"column":2},"end":{"line":70,"column":4}},"26":{"start":{"line":66,"column":4},"end":{"line":69,"column":55}},"27":{"start":{"line":73,"column":0},"end":{"line":84,"column":1}},"28":{"start":{"line":74,"column":2},"end":{"line":83,"column":4}},"29":{"start":{"line":86,"column":0},"end":{"line":324,"column":1}},"30":{"start":{"line":87,"column":20},"end":{"line":87,"column":61}},"31":{"start":{"line":88,"column":24},"end":{"line":88,"column":63}},"32":{"start":{"line":89,"column":25},"end":{"line":89,"column":65}},"33":{"start":{"line":90,"column":19},"end":{"line":90,"column":52}},"34":{"start":{"line":91,"column":20},"end":{"line":91,"column":54}},"35":{"start":{"line":92,"column":16},"end":{"line":92,"column":46}},"36":{"start":{"line":93,"column":21},"end":{"line":93,"column":60}},"37":{"start":{"line":94,"column":22},"end":{"line":94,"column":62}},"38":{"start":{"line":95,"column":18},"end":{"line":95,"column":54}},"39":{"start":{"line":97,"column":21},"end":{"line":97,"column":57}},"40":{"start":{"line":98,"column":20},"end":{"line":98,"column":57}},"41":{"start":{"line":99,"column":17},"end":{"line":99,"column":53}},"42":{"start":{"line":101,"column":21},"end":{"line":101,"column":59}},"43":{"start":{"line":102,"column":23},"end":{"line":102,"column":69}},"44":{"start":{"line":103,"column":24},"end":{"line":103,"column":71}},"45":{"start":{"line":105,"column":20},"end":{"line":105,"column":57}},"46":{"start":{"line":106,"column":22},"end":{"line":106,"column":67}},"47":{"start":{"line":107,"column":23},"end":{"line":107,"column":69}},"48":{"start":{"line":110,"column":16},"end":{"line":110,"column":17}},"49":{"start":{"line":110,"column":28},"end":{"line":110,"column":29}},"50":{"start":{"line":110,"column":41},"end":{"line":110,"column":42}},"51":{"start":{"line":111,"column":17},"end":{"line":111,"column":25}},"52":{"start":{"line":111,"column":34},"end":{"line":111,"column":40}},"53":{"start":{"line":114,"column":17},"end":{"line":114,"column":57}},"54":{"start":{"line":115,"column":4},"end":{"line":117,"column":5}},"55":{"start":{"line":116,"column":6},"end":{"line":116,"column":42}},"56":{"start":{"line":118,"column":4},"end":{"line":118,"column":40}},"57":{"start":{"line":121,"column":2},"end":{"line":121,"column":68}},"58":{"start":{"line":122,"column":2},"end":{"line":122,"column":40}},"59":{"start":{"line":123,"column":2},"end":{"line":123,"column":13}},"60":{"start":{"line":125,"column":2},"end":{"line":130,"column":5}},"61":{"start":{"line":126,"column":4},"end":{"line":126,"column":20}},"62":{"start":{"line":127,"column":4},"end":{"line":127,"column":28}},"63":{"start":{"line":128,"column":4},"end":{"line":128,"column":23}},"64":{"start":{"line":129,"column":4},"end":{"line":129,"column":34}},"65":{"start":{"line":132,"column":2},"end":{"line":137,"column":5}},"66":{"start":{"line":133,"column":4},"end":{"line":133,"column":19}},"67":{"start":{"line":134,"column":4},"end":{"line":134,"column":29}},"68":{"start":{"line":135,"column":4},"end":{"line":135,"column":22}},"69":{"start":{"line":136,"column":4},"end":{"line":136,"column":35}},"70":{"start":{"line":139,"column":2},"end":{"line":144,"column":5}},"71":{"start":{"line":140,"column":4},"end":{"line":140,"column":16}},"72":{"start":{"line":141,"column":4},"end":{"line":141,"column":32}},"73":{"start":{"line":142,"column":4},"end":{"line":142,"column":19}},"74":{"start":{"line":143,"column":4},"end":{"line":143,"column":38}},"75":{"start":{"line":146,"column":2},"end":{"line":168,"column":5}},"76":{"start":{"line":147,"column":28},"end":{"line":147,"column":61}},"77":{"start":{"line":148,"column":29},"end":{"line":148,"column":64}},"78":{"start":{"line":150,"column":4},"end":{"line":153,"column":5}},"79":{"start":{"line":151,"column":6},"end":{"line":151,"column":37}},"80":{"start":{"line":152,"column":6},"end":{"line":152,"column":13}},"81":{"start":{"line":155,"column":4},"end":{"line":158,"column":5}},"82":{"start":{"line":156,"column":6},"end":{"line":156,"column":38}},"83":{"start":{"line":157,"column":6},"end":{"line":157,"column":13}},"84":{"start":{"line":160,"column":18},"end":{"line":164,"column":5}},"85":{"start":{"line":165,"column":4},"end":{"line":165,"column":29}},"86":{"start":{"line":166,"column":4},"end":{"line":166,"column":15}},"87":{"start":{"line":167,"column":4},"end":{"line":167,"column":46}},"88":{"start":{"line":170,"column":2},"end":{"line":192,"column":5}},"89":{"start":{"line":171,"column":28},"end":{"line":171,"column":60}},"90":{"start":{"line":172,"column":29},"end":{"line":172,"column":63}},"91":{"start":{"line":174,"column":4},"end":{"line":177,"column":5}},"92":{"start":{"line":175,"column":6},"end":{"line":175,"column":37}},"93":{"start":{"line":176,"column":6},"end":{"line":176,"column":13}},"94":{"start":{"line":179,"column":4},"end":{"line":182,"column":5}},"95":{"start":{"line":180,"column":6},"end":{"line":180,"column":38}},"96":{"start":{"line":181,"column":6},"end":{"line":181,"column":13}},"97":{"start":{"line":184,"column":20},"end":{"line":188,"column":5}},"98":{"start":{"line":189,"column":4},"end":{"line":189,"column":31}},"99":{"start":{"line":190,"column":4},"end":{"line":190,"column":15}},"100":{"start":{"line":191,"column":4},"end":{"line":191,"column":44}},"101":{"start":{"line":194,"column":2},"end":{"line":194,"column":53}},"102":{"start":{"line":195,"column":2},"end":{"line":195,"column":54}},"103":{"start":{"line":196,"column":2},"end":{"line":196,"column":50}},"104":{"start":{"line":198,"column":2},"end":{"line":205,"column":5}},"105":{"start":{"line":199,"column":4},"end":{"line":201,"column":5}},"106":{"start":{"line":200,"column":6},"end":{"line":200,"column":25}},"107":{"start":{"line":202,"column":4},"end":{"line":204,"column":5}},"108":{"start":{"line":203,"column":6},"end":{"line":203,"column":24}},"109":{"start":{"line":208,"column":4},"end":{"line":213,"column":5}},"110":{"start":{"line":209,"column":21},"end":{"line":209,"column":61}},"111":{"start":{"line":210,"column":6},"end":{"line":212,"column":7}},"112":{"start":{"line":211,"column":8},"end":{"line":211,"column":38}},"113":{"start":{"line":217,"column":4},"end":{"line":217,"column":52}},"114":{"start":{"line":218,"column":19},"end":{"line":218,"column":59}},"115":{"start":{"line":219,"column":4},"end":{"line":221,"column":5}},"116":{"start":{"line":220,"column":6},"end":{"line":220,"column":36}},"117":{"start":{"line":224,"column":2},"end":{"line":224,"column":39}},"118":{"start":{"line":225,"column":2},"end":{"line":225,"column":21}},"119":{"start":{"line":228,"column":22},"end":{"line":228,"column":34}},"120":{"start":{"line":229,"column":18},"end":{"line":229,"column":38}},"121":{"start":{"line":231,"column":4},"end":{"line":235,"column":5}},"122":{"start":{"line":232,"column":6},"end":{"line":232,"column":23}},"123":{"start":{"line":233,"column":11},"end":{"line":235,"column":5}},"124":{"start":{"line":234,"column":6},"end":{"line":234,"column":25}},"125":{"start":{"line":239,"column":4},"end":{"line":239,"column":35}},"126":{"start":{"line":240,"column":4},"end":{"line":240,"column":15}},"127":{"start":{"line":244,"column":18},"end":{"line":244,"column":38}},"128":{"start":{"line":246,"column":4},"end":{"line":252,"column":5}},"129":{"start":{"line":247,"column":6},"end":{"line":247,"column":38}},"130":{"start":{"line":248,"column":6},"end":{"line":248,"column":40}},"131":{"start":{"line":249,"column":11},"end":{"line":252,"column":5}},"132":{"start":{"line":250,"column":6},"end":{"line":250,"column":39}},"133":{"start":{"line":251,"column":6},"end":{"line":251,"column":41}},"134":{"start":{"line":253,"column":4},"end":{"line":253,"column":23}},"135":{"start":{"line":257,"column":4},"end":{"line":257,"column":50}},"136":{"start":{"line":258,"column":4},"end":{"line":258,"column":52}},"137":{"start":{"line":259,"column":4},"end":{"line":259,"column":58}},"138":{"start":{"line":261,"column":21},"end":{"line":261,"column":34}},"139":{"start":{"line":262,"column":17},"end":{"line":262,"column":34}},"140":{"start":{"line":264,"column":4},"end":{"line":264,"column":72}},"141":{"start":{"line":265,"column":4},"end":{"line":265,"column":70}},"142":{"start":{"line":266,"column":4},"end":{"line":266,"column":68}},"143":{"start":{"line":268,"column":4},"end":{"line":268,"column":53}},"144":{"start":{"line":270,"column":4},"end":{"line":277,"column":7}},"145":{"start":{"line":271,"column":6},"end":{"line":275,"column":7}},"146":{"start":{"line":272,"column":8},"end":{"line":272,"column":77}},"147":{"start":{"line":273,"column":13},"end":{"line":275,"column":7}},"148":{"start":{"line":274,"column":8},"end":{"line":274,"column":76}},"149":{"start":{"line":276,"column":6},"end":{"line":276,"column":71}},"150":{"start":{"line":278,"column":4},"end":{"line":278,"column":67}},"151":{"start":{"line":282,"column":22},"end":{"line":282,"column":39}},"152":{"start":{"line":283,"column":21},"end":{"line":283,"column":34}},"153":{"start":{"line":284,"column":18},"end":{"line":288,"column":26}},"154":{"start":{"line":289,"column":21},"end":{"line":289,"column":33}},"155":{"start":{"line":290,"column":4},"end":{"line":290,"column":45}},"156":{"start":{"line":294,"column":4},"end":{"line":296,"column":7}},"157":{"start":{"line":295,"column":6},"end":{"line":295,"column":29}},"158":{"start":{"line":300,"column":4},"end":{"line":302,"column":7}},"159":{"start":{"line":301,"column":6},"end":{"line":301,"column":23}},"160":{"start":{"line":306,"column":4},"end":{"line":306,"column":37}},"161":{"start":{"line":310,"column":4},"end":{"line":312,"column":7}},"162":{"start":{"line":311,"column":6},"end":{"line":311,"column":36}},"163":{"start":{"line":316,"column":4},"end":{"line":316,"column":35}},"164":{"start":{"line":320,"column":4},"end":{"line":322,"column":7}},"165":{"start":{"line":321,"column":6},"end":{"line":321,"column":40}}},"fnMap":{"0":{"name":"escapeHtml","decl":{"start":{"line":1,"column":9},"end":{"line":1,"column":19}},"loc":{"start":{"line":1,"column":26},"end":{"line":10,"column":1}},"line":1},"1":{"name":"(anonymous_1)","decl":{"start":{"line":9,"column":34},"end":{"line":9,"column":35}},"loc":{"start":{"line":9,"column":46},"end":{"line":9,"column":64}},"line":9},"2":{"name":"sanitizeInput","decl":{"start":{"line":12,"column":9},"end":{"line":12,"column":22}},"loc":{"start":{"line":12,"column":30},"end":{"line":15,"column":1}},"line":12},"3":{"name":"validateAmount","decl":{"start":{"line":17,"column":9},"end":{"line":17,"column":23}},"loc":{"start":{"line":17,"column":32},"end":{"line":20,"column":1}},"line":17},"4":{"name":"calculateTotal","decl":{"start":{"line":22,"column":9},"end":{"line":22,"column":23}},"loc":{"start":{"line":22,"column":36},"end":{"line":30,"column":1}},"line":22},"5":{"name":"(anonymous_5)","decl":{"start":{"line":24,"column":15},"end":{"line":24,"column":16}},"loc":{"start":{"line":24,"column":26},"end":{"line":28,"column":3}},"line":24},"6":{"name":"calculateBalance","decl":{"start":{"line":32,"column":9},"end":{"line":32,"column":25}},"loc":{"start":{"line":32,"column":43},"end":{"line":34,"column":1}},"line":32},"7":{"name":"validateTitle","decl":{"start":{"line":36,"column":9},"end":{"line":36,"column":22}},"loc":{"start":{"line":36,"column":30},"end":{"line":57,"column":1}},"line":36},"8":{"name":"getCurrency","decl":{"start":{"line":59,"column":9},"end":{"line":59,"column":20}},"loc":{"start":{"line":59,"column":23},"end":{"line":62,"column":1}},"line":59},"9":{"name":"validateData","decl":{"start":{"line":64,"column":9},"end":{"line":64,"column":21}},"loc":{"start":{"line":64,"column":31},"end":{"line":71,"column":1}},"line":64},"10":{"name":"(anonymous_10)","decl":{"start":{"line":65,"column":24},"end":{"line":65,"column":25}},"loc":{"start":{"line":66,"column":4},"end":{"line":69,"column":55}},"line":66},"11":{"name":"getBalanceLabel","decl":{"start":{"line":113,"column":11},"end":{"line":113,"column":26}},"loc":{"start":{"line":113,"column":29},"end":{"line":119,"column":3}},"line":113},"12":{"name":"(anonymous_12)","decl":{"start":{"line":125,"column":39},"end":{"line":125,"column":40}},"loc":{"start":{"line":125,"column":51},"end":{"line":130,"column":3}},"line":125},"13":{"name":"(anonymous_13)","decl":{"start":{"line":132,"column":38},"end":{"line":132,"column":39}},"loc":{"start":{"line":132,"column":50},"end":{"line":137,"column":3}},"line":132},"14":{"name":"(anonymous_14)","decl":{"start":{"line":139,"column":35},"end":{"line":139,"column":36}},"loc":{"start":{"line":139,"column":47},"end":{"line":144,"column":3}},"line":139},"15":{"name":"(anonymous_15)","decl":{"start":{"line":146,"column":39},"end":{"line":146,"column":40}},"loc":{"start":{"line":146,"column":51},"end":{"line":168,"column":3}},"line":146},"16":{"name":"(anonymous_16)","decl":{"start":{"line":170,"column":38},"end":{"line":170,"column":39}},"loc":{"start":{"line":170,"column":50},"end":{"line":192,"column":3}},"line":170},"17":{"name":"(anonymous_17)","decl":{"start":{"line":198,"column":39},"end":{"line":198,"column":40}},"loc":{"start":{"line":198,"column":51},"end":{"line":205,"column":3}},"line":198},"18":{"name":"showCookieBanner","decl":{"start":{"line":207,"column":11},"end":{"line":207,"column":27}},"loc":{"start":{"line":207,"column":30},"end":{"line":214,"column":3}},"line":207},"19":{"name":"acceptCookies","decl":{"start":{"line":216,"column":11},"end":{"line":216,"column":24}},"loc":{"start":{"line":216,"column":27},"end":{"line":222,"column":3}},"line":216},"20":{"name":"deleteOrEdit","decl":{"start":{"line":227,"column":11},"end":{"line":227,"column":23}},"loc":{"start":{"line":227,"column":31},"end":{"line":236,"column":3}},"line":227},"21":{"name":"deleteEntry","decl":{"start":{"line":238,"column":11},"end":{"line":238,"column":22}},"loc":{"start":{"line":238,"column":30},"end":{"line":241,"column":3}},"line":238},"22":{"name":"editEntry","decl":{"start":{"line":243,"column":11},"end":{"line":243,"column":20}},"loc":{"start":{"line":243,"column":28},"end":{"line":254,"column":3}},"line":243},"23":{"name":"updateUI","decl":{"start":{"line":256,"column":11},"end":{"line":256,"column":19}},"loc":{"start":{"line":256,"column":22},"end":{"line":279,"column":3}},"line":256},"24":{"name":"(anonymous_24)","decl":{"start":{"line":270,"column":23},"end":{"line":270,"column":24}},"loc":{"start":{"line":270,"column":41},"end":{"line":277,"column":5}},"line":270},"25":{"name":"showEntry","decl":{"start":{"line":281,"column":11},"end":{"line":281,"column":20}},"loc":{"start":{"line":281,"column":52},"end":{"line":291,"column":3}},"line":281},"26":{"name":"clearElement","decl":{"start":{"line":293,"column":11},"end":{"line":293,"column":23}},"loc":{"start":{"line":293,"column":34},"end":{"line":297,"column":3}},"line":293},"27":{"name":"(anonymous_27)","decl":{"start":{"line":294,"column":21},"end":{"line":294,"column":22}},"loc":{"start":{"line":294,"column":34},"end":{"line":296,"column":5}},"line":294},"28":{"name":"clearInput","decl":{"start":{"line":299,"column":11},"end":{"line":299,"column":21}},"loc":{"start":{"line":299,"column":30},"end":{"line":303,"column":3}},"line":299},"29":{"name":"(anonymous_29)","decl":{"start":{"line":300,"column":19},"end":{"line":300,"column":20}},"loc":{"start":{"line":300,"column":30},"end":{"line":302,"column":5}},"line":300},"30":{"name":"show","decl":{"start":{"line":305,"column":11},"end":{"line":305,"column":15}},"loc":{"start":{"line":305,"column":25},"end":{"line":307,"column":3}},"line":305},"31":{"name":"hide","decl":{"start":{"line":309,"column":11},"end":{"line":309,"column":15}},"loc":{"start":{"line":309,"column":26},"end":{"line":313,"column":3}},"line":309},"32":{"name":"(anonymous_32)","decl":{"start":{"line":310,"column":21},"end":{"line":310,"column":22}},"loc":{"start":{"line":310,"column":34},"end":{"line":312,"column":5}},"line":310},"33":{"name":"active","decl":{"start":{"line":315,"column":11},"end":{"line":315,"column":17}},"loc":{"start":{"line":315,"column":27},"end":{"line":317,"column":3}},"line":315},"34":{"name":"inactive","decl":{"start":{"line":319,"column":11},"end":{"line":319,"column":19}},"loc":{"start":{"line":319,"column":30},"end":{"line":323,"column":3}},"line":319},"35":{"name":"(anonymous_35)","decl":{"start":{"line":320,"column":21},"end":{"line":320,"column":22}},"loc":{"start":{"line":320,"column":34},"end":{"line":322,"column":5}},"line":320}},"branchMap":{"0":{"loc":{"start":{"line":13,"column":2},"end":{"line":13,"column":43}},"type":"if","locations":[{"start":{"line":13,"column":2},"end":{"line":13,"column":43}},{"start":{},"end":{}}],"line":13},"1":{"loc":{"start":{"line":19,"column":9},"end":{"line":19,"column":40}},"type":"cond-expr","locations":[{"start":{"line":19,"column":33},"end":{"line":19,"column":34}},{"start":{"line":19,"column":37},"end":{"line":19,"column":40}}],"line":19},"2":{"loc":{"start":{"line":19,"column":9},"end":{"line":19,"column":30}},"type":"binary-expr","locations":[{"start":{"line":19,"column":9},"end":{"line":19,"column":19}},{"start":{"line":19,"column":23},"end":{"line":19,"column":30}}],"line":19},"3":{"loc":{"start":{"line":25,"column":4},"end":{"line":27,"column":5}},"type":"if","locations":[{"start":{"line":25,"column":4},"end":{"line":27,"column":5}},{"start":{},"end":{}}],"line":25},"4":{"loc":{"start":{"line":44,"column":2},"end":{"line":46,"column":3}},"type":"if","locations":[{"start":{"line":44,"column":2},"end":{"line":46,"column":3}},{"start":{},"end":{}}],"line":44},"5":{"loc":{"start":{"line":48,"column":2},"end":{"line":50,"column":3}},"type":"if","locations":[{"start":{"line":48,"column":2},"end":{"line":50,"column":3}},{"start":{},"end":{}}],"line":48},"6":{"loc":{"start":{"line":52,"column":2},"end":{"line":54,"column":3}},"type":"if","locations":[{"start":{"line":52,"column":2},"end":{"line":54,"column":3}},{"start":{},"end":{}}],"line":52},"7":{"loc":{"start":{"line":60,"column":15},"end":{"line":60,"column":100}},"type":"cond-expr","locations":[{"start":{"line":60,"column":53},"end":{"line":60,"column":93}},{"start":{"line":60,"column":96},"end":{"line":60,"column":100}}],"line":60},"8":{"loc":{"start":{"line":60,"column":53},"end":{"line":60,"column":93}},"type":"binary-expr","locations":[{"start":{"line":60,"column":53},"end":{"line":60,"column":85}},{"start":{"line":60,"column":89},"end":{"line":60,"column":93}}],"line":60},"9":{"loc":{"start":{"line":61,"column":9},"end":{"line":61,"column":34}},"type":"cond-expr","locations":[{"start":{"line":61,"column":25},"end":{"line":61,"column":28}},{"start":{"line":61,"column":31},"end":{"line":61,"column":34}}],"line":61},"10":{"loc":{"start":{"line":66,"column":4},"end":{"line":69,"column":55}},"type":"binary-expr","locations":[{"start":{"line":66,"column":4},"end":{"line":66,"column":8}},{"start":{"line":66,"column":12},"end":{"line":66,"column":36}},{"start":{"line":67,"column":4},"end":{"line":67,"column":45}},{"start":{"line":68,"column":4},"end":{"line":68,"column":34}},{"start":{"line":69,"column":4},"end":{"line":69,"column":35}},{"start":{"line":69,"column":39},"end":{"line":69,"column":55}}],"line":66},"11":{"loc":{"start":{"line":73,"column":0},"end":{"line":84,"column":1}},"type":"if","locations":[{"start":{"line":73,"column":0},"end":{"line":84,"column":1}},{"start":{},"end":{}}],"line":73},"12":{"loc":{"start":{"line":73,"column":4},"end":{"line":73,"column":51}},"type":"binary-expr","locations":[{"start":{"line":73,"column":4},"end":{"line":73,"column":33}},{"start":{"line":73,"column":37},"end":{"line":73,"column":51}}],"line":73},"13":{"loc":{"start":{"line":86,"column":0},"end":{"line":324,"column":1}},"type":"if","locations":[{"start":{"line":86,"column":0},"end":{"line":324,"column":1}},{"start":{},"end":{}}],"line":86},"14":{"loc":{"start":{"line":114,"column":17},"end":{"line":114,"column":57}},"type":"binary-expr","locations":[{"start":{"line":114,"column":17},"end":{"line":114,"column":49}},{"start":{"line":114,"column":53},"end":{"line":114,"column":57}}],"line":114},"15":{"loc":{"start":{"line":115,"column":4},"end":{"line":117,"column":5}},"type":"if","locations":[{"start":{"line":115,"column":4},"end":{"line":117,"column":5}},{"start":{},"end":{}}],"line":115},"16":{"loc":{"start":{"line":116,"column":13},"end":{"line":116,"column":41}},"type":"cond-expr","locations":[{"start":{"line":116,"column":33},"end":{"line":116,"column":35}},{"start":{"line":116,"column":38},"end":{"line":116,"column":41}}],"line":116},"17":{"loc":{"start":{"line":118,"column":11},"end":{"line":118,"column":39}},"type":"cond-expr","locations":[{"start":{"line":118,"column":31},"end":{"line":118,"column":33}},{"start":{"line":118,"column":36},"end":{"line":118,"column":39}}],"line":118},"18":{"loc":{"start":{"line":121,"column":15},"end":{"line":121,"column":67}},"type":"binary-expr","locations":[{"start":{"line":121,"column":15},"end":{"line":121,"column":61}},{"start":{"line":121,"column":65},"end":{"line":121,"column":67}}],"line":121},"19":{"loc":{"start":{"line":150,"column":4},"end":{"line":153,"column":5}},"type":"if","locations":[{"start":{"line":150,"column":4},"end":{"line":153,"column":5}},{"start":{},"end":{}}],"line":150},"20":{"loc":{"start":{"line":155,"column":4},"end":{"line":158,"column":5}},"type":"if","locations":[{"start":{"line":155,"column":4},"end":{"line":158,"column":5}},{"start":{},"end":{}}],"line":155},"21":{"loc":{"start":{"line":174,"column":4},"end":{"line":177,"column":5}},"type":"if","locations":[{"start":{"line":174,"column":4},"end":{"line":177,"column":5}},{"start":{},"end":{}}],"line":174},"22":{"loc":{"start":{"line":179,"column":4},"end":{"line":182,"column":5}},"type":"if","locations":[{"start":{"line":179,"column":4},"end":{"line":182,"column":5}},{"start":{},"end":{}}],"line":179},"23":{"loc":{"start":{"line":199,"column":4},"end":{"line":201,"column":5}},"type":"if","locations":[{"start":{"line":199,"column":4},"end":{"line":201,"column":5}},{"start":{},"end":{}}],"line":199},"24":{"loc":{"start":{"line":199,"column":8},"end":{"line":199,"column":85}},"type":"binary-expr","locations":[{"start":{"line":199,"column":8},"end":{"line":199,"column":25}},{"start":{"line":199,"column":29},"end":{"line":199,"column":85}}],"line":199},"25":{"loc":{"start":{"line":202,"column":4},"end":{"line":204,"column":5}},"type":"if","locations":[{"start":{"line":202,"column":4},"end":{"line":204,"column":5}},{"start":{},"end":{}}],"line":202},"26":{"loc":{"start":{"line":202,"column":8},"end":{"line":202,"column":84}},"type":"binary-expr","locations":[{"start":{"line":202,"column":8},"end":{"line":202,"column":25}},{"start":{"line":202,"column":29},"end":{"line":202,"column":84}}],"line":202},"27":{"loc":{"start":{"line":208,"column":4},"end":{"line":213,"column":5}},"type":"if","locations":[{"start":{"line":208,"column":4},"end":{"line":213,"column":5}},{"start":{},"end":{}}],"line":208},"28":{"loc":{"start":{"line":210,"column":6},"end":{"line":212,"column":7}},"type":"if","locations":[{"start":{"line":210,"column":6},"end":{"line":212,"column":7}},{"start":{},"end":{}}],"line":210},"29":{"loc":{"start":{"line":219,"column":4},"end":{"line":221,"column":5}},"type":"if","locations":[{"start":{"line":219,"column":4},"end":{"line":221,"column":5}},{"start":{},"end":{}}],"line":219},"30":{"loc":{"start":{"line":231,"column":4},"end":{"line":235,"column":5}},"type":"if","locations":[{"start":{"line":231,"column":4},"end":{"line":235,"column":5}},{"start":{"line":233,"column":11},"end":{"line":235,"column":5}}],"line":231},"31":{"loc":{"start":{"line":233,"column":11},"end":{"line":235,"column":5}},"type":"if","locations":[{"start":{"line":233,"column":11},"end":{"line":235,"column":5}},{"start":{},"end":{}}],"line":233},"32":{"loc":{"start":{"line":246,"column":4},"end":{"line":252,"column":5}},"type":"if","locations":[{"start":{"line":246,"column":4},"end":{"line":252,"column":5}},{"start":{"line":249,"column":11},"end":{"line":252,"column":5}}],"line":246},"33":{"loc":{"start":{"line":249,"column":11},"end":{"line":252,"column":5}},"type":"if","locations":[{"start":{"line":249,"column":11},"end":{"line":252,"column":5}},{"start":{},"end":{}}],"line":249},"34":{"loc":{"start":{"line":271,"column":6},"end":{"line":275,"column":7}},"type":"if","locations":[{"start":{"line":271,"column":6},"end":{"line":275,"column":7}},{"start":{"line":273,"column":13},"end":{"line":275,"column":7}}],"line":271},"35":{"loc":{"start":{"line":273,"column":13},"end":{"line":275,"column":7}},"type":"if","locations":[{"start":{"line":273,"column":13},"end":{"line":275,"column":7}},{"start":{},"end":{}}],"line":273}},"s":{"0":11,"1":11,"2":20,"3":6,"4":3,"5":3,"6":7,"7":7,"8":4,"9":4,"10":8,"11":6,"12":4,"13":4,"14":0,"15":0,"16":0,"17":0,"18":0,"19":0,"20":0,"21":0,"22":0,"23":0,"24":0,"25":0,"26":0,"27":1,"28":1,"29":1,"30":0,"31":0,"32":0,"33":0,"34":0,"35":0,"36":0,"37":0,"38":0,"39":0,"40":0,"41":0,"42":0,"43":0,"44":0,"45":0,"46":0,"47":0,"48":0,"49":0,"50":0,"51":0,"52":0,"53":0,"54":0,"55":0,"56":0,"57":0,"58":0,"59":0,"60":0,"61":0,"62":0,"63":0,"64":0,"65":0,"66":0,"67":0,"68":0,"69":0,"70":0,"71":0,"72":0,"73":0,"74":0,"75":0,"76":0,"77":0,"78":0,"79":0,"80":0,"81":0,"82":0,"83":0,"84":0,"85":0,"86":0,"87":0,"88":0,"89":0,"90":0,"91":0,"92":0,"93":0,"94":0,"95":0,"96":0,"97":0,"98":0,"99":0,"100":0,"101":0,"102":0,"103":0,"104":0,"105":0,"106":0,"107":0,"108":0,"109":0,"110":0,"111":0,"112":0,"113":0,"114":0,"115":0,"116":0,"117":0,"118":0,"119":0,"120":0,"121":0,"122":0,"123":0,"124":0,"125":0,"126":0,"127":0,"128":0,"129":0,"130":0,"131":0,"132":0,"133":0,"134":0,"135":0,"136":0,"137":0,"138":0,"139":0,"140":0,"141":0,"142":0,"143":0,"144":0,"145":0,"146":0,"147":0,"148":0,"149":0,"150":0,"151":0,"152":0,"153":0,"154":0,"155":0,"156":0,"157":0,"158":0,"159":0,"160":0,"161":0,"162":0,"163":0,"164":0,"165":0},"f":{"0":11,"1":20,"2":6,"3":7,"4":4,"5":8,"6":4,"7":0,"8":0,"9":0,"10":0,"11":0,"12":0,"13":0,"14":0,"15":0,"16":0,"17":0,"18":0,"19":0,"20":0,"21":0,"22":0,"23":0,"24":0,"25":0,"26":0,"27":0,"28":0,"29":0,"30":0,"31":0,"32":0,"33":0,"34":0,"35":0},"b":{"0":[3,3],"1":[3,4],"2":[7,5],"3":[6,2],"4":[0,0],"5":[0,0],"6":[0,0],"7":[0,0],"8":[0,0],"9":[0,0],"10":[0,0,0,0,0,0],"11":[1,0],"12":[1,1],"13":[0,1],"14":[0,0],"15":[0,0],"16":[0,0],"17":[0,0],"18":[0,0],"19":[0,0],"20":[0,0],"21":[0,0],"22":[0,0],"23":[0,0],"24":[0,0],"25":[0,0],"26":[0,0],"27":[0,0],"28":[0,0],"29":[0,0],"30":[0,0],"31":[0,0],"32":[0,0],"33":[0,0],"34":[0,0],"35":[0,0]},"_coverageSchema":"1a1c01bbd47fc00a2c39e90264f33305004495a9","hash":"21d2fe0343a3d8a54af5729419a148c9420de3e7"}
}
