TN:
SF:budget.js
FN:1,escapeHtml
FN:9,(anonymous_1)
FN:12,sanitizeInput
FN:17,validateAmount
FN:22,calculateTotal
FN:24,(anonymous_5)
FN:32,calculateBalance
FN:36,validateTitle
FN:59,getCurrency
FN:64,validateData
FN:65,(anonymous_10)
FN:113,getBalanceLabel
FN:125,(anonymous_12)
FN:132,(anonymous_13)
FN:139,(anonymous_14)
FN:146,(anonymous_15)
FN:170,(anonymous_16)
FN:198,(anonymous_17)
FN:207,showCookieBanner
FN:216,acceptCookies
FN:227,deleteOrEdit
FN:238,deleteEntry
FN:243,editEntry
FN:256,updateUI
FN:270,(anonymous_24)
FN:281,showEntry
FN:293,clearElement
FN:294,(anonymous_27)
FN:299,clearInput
FN:300,(anonymous_29)
FN:305,show
FN:309,hide
FN:310,(anonymous_32)
FN:315,active
FN:319,inactive
FN:320,(anonymous_35)
FNF:36
FNH:7
FNDA:11,escapeHtml
FNDA:20,(anonymous_1)
FNDA:6,sanitizeInput
FNDA:7,validateAmount
FNDA:4,calculateTotal
FNDA:8,(anonymous_5)
FNDA:4,calculateBalance
FNDA:0,validateTitle
FNDA:0,getCurrency
FNDA:0,validateData
FNDA:0,(anonymous_10)
FNDA:0,getBalanceLabel
FNDA:0,(anonymous_12)
FNDA:0,(anonymous_13)
FNDA:0,(anonymous_14)
FNDA:0,(anonymous_15)
FNDA:0,(anonymous_16)
FNDA:0,(anonymous_17)
FNDA:0,showCookieBanner
FNDA:0,acceptCookies
FNDA:0,deleteOrEdit
FNDA:0,deleteEntry
FNDA:0,editEntry
FNDA:0,updateUI
FNDA:0,(anonymous_24)
FNDA:0,showEntry
FNDA:0,clearElement
FNDA:0,(anonymous_27)
FNDA:0,clearInput
FNDA:0,(anonymous_29)
FNDA:0,show
FNDA:0,hide
FNDA:0,(anonymous_32)
FNDA:0,active
FNDA:0,inactive
FNDA:0,(anonymous_35)
DA:2,11
DA:9,20
DA:13,6
DA:14,3
DA:18,7
DA:19,7
DA:23,4
DA:24,4
DA:25,8
DA:26,6
DA:29,4
DA:33,4
DA:37,0
DA:38,0
DA:44,0
DA:45,0
DA:48,0
DA:49,0
DA:52,0
DA:53,0
DA:56,0
DA:60,0
DA:61,0
DA:65,0
DA:66,0
DA:73,1
DA:74,1
DA:86,1
DA:87,0
DA:88,0
DA:89,0
DA:90,0
DA:91,0
DA:92,0
DA:93,0
DA:94,0
DA:95,0
DA:97,0
DA:98,0
DA:99,0
DA:101,0
DA:102,0
DA:103,0
DA:105,0
DA:106,0
DA:107,0
DA:110,0
DA:111,0
DA:114,0
DA:115,0
DA:116,0
DA:118,0
DA:121,0
DA:122,0
DA:123,0
DA:125,0
DA:126,0
DA:127,0
DA:128,0
DA:129,0
DA:132,0
DA:133,0
DA:134,0
DA:135,0
DA:136,0
DA:139,0
DA:140,0
DA:141,0
DA:142,0
DA:143,0
DA:146,0
DA:147,0
DA:148,0
DA:150,0
DA:151,0
DA:152,0
DA:155,0
DA:156,0
DA:157,0
DA:160,0
DA:165,0
DA:166,0
DA:167,0
DA:170,0
DA:171,0
DA:172,0
DA:174,0
DA:175,0
DA:176,0
DA:179,0
DA:180,0
DA:181,0
DA:184,0
DA:189,0
DA:190,0
DA:191,0
DA:194,0
DA:195,0
DA:196,0
DA:198,0
DA:199,0
DA:200,0
DA:202,0
DA:203,0
DA:208,0
DA:209,0
DA:210,0
DA:211,0
DA:217,0
DA:218,0
DA:219,0
DA:220,0
DA:224,0
DA:225,0
DA:228,0
DA:229,0
DA:231,0
DA:232,0
DA:233,0
DA:234,0
DA:239,0
DA:240,0
DA:244,0
DA:246,0
DA:247,0
DA:248,0
DA:249,0
DA:250,0
DA:251,0
DA:253,0
DA:257,0
DA:258,0
DA:259,0
DA:261,0
DA:262,0
DA:264,0
DA:265,0
DA:266,0
DA:268,0
DA:270,0
DA:271,0
DA:272,0
DA:273,0
DA:274,0
DA:276,0
DA:278,0
DA:282,0
DA:283,0
DA:284,0
DA:289,0
DA:290,0
DA:294,0
DA:295,0
DA:300,0
DA:301,0
DA:306,0
DA:310,0
DA:311,0
DA:316,0
DA:320,0
DA:321,0
LF:161
LH:15
BRDA:13,0,0,3
BRDA:13,0,1,3
BRDA:19,1,0,3
BRDA:19,1,1,4
BRDA:19,2,0,7
BRDA:19,2,1,5
BRDA:25,3,0,6
BRDA:25,3,1,2
BRDA:44,4,0,0
BRDA:44,4,1,0
BRDA:48,5,0,0
BRDA:48,5,1,0
BRDA:52,6,0,0
BRDA:52,6,1,0
BRDA:60,7,0,0
BRDA:60,7,1,0
BRDA:60,8,0,0
BRDA:60,8,1,0
BRDA:61,9,0,0
BRDA:61,9,1,0
BRDA:66,10,0,0
BRDA:66,10,1,0
BRDA:66,10,2,0
BRDA:66,10,3,0
BRDA:66,10,4,0
BRDA:66,10,5,0
BRDA:73,11,0,1
BRDA:73,11,1,0
BRDA:73,12,0,1
BRDA:73,12,1,1
BRDA:86,13,0,0
BRDA:86,13,1,1
BRDA:114,14,0,0
BRDA:114,14,1,0
BRDA:115,15,0,0
BRDA:115,15,1,0
BRDA:116,16,0,0
BRDA:116,16,1,0
BRDA:118,17,0,0
BRDA:118,17,1,0
BRDA:121,18,0,0
BRDA:121,18,1,0
BRDA:150,19,0,0
BRDA:150,19,1,0
BRDA:155,20,0,0
BRDA:155,20,1,0
BRDA:174,21,0,0
BRDA:174,21,1,0
BRDA:179,22,0,0
BRDA:179,22,1,0
BRDA:199,23,0,0
BRDA:199,23,1,0
BRDA:199,24,0,0
BRDA:199,24,1,0
BRDA:202,25,0,0
BRDA:202,25,1,0
BRDA:202,26,0,0
BRDA:202,26,1,0
BRDA:208,27,0,0
BRDA:208,27,1,0
BRDA:210,28,0,0
BRDA:210,28,1,0
BRDA:219,29,0,0
BRDA:219,29,1,0
BRDA:231,30,0,0
BRDA:231,30,1,0
BRDA:233,31,0,0
BRDA:233,31,1,0
BRDA:246,32,0,0
BRDA:246,32,1,0
BRDA:249,33,0,0
BRDA:249,33,1,0
BRDA:271,34,0,0
BRDA:271,34,1,0
BRDA:273,35,0,0
BRDA:273,35,1,0
BRF:76
BRH:12
end_of_record
